2025-01-03 15:33:34.603035: I tensorflow/core/util/port.cc:153] oneDNN custom operations are on. You may see slightly different numerical results due to floating-point round-off errors from different computation orders. To turn them off, set the environment variable `TF_ENABLE_ONEDNN_OPTS=0`.
2025-01-03 15:33:35.478005: E external/local_xla/xla/stream_executor/cuda/cuda_fft.cc:477] Unable to register cuFFT factory: Attempting to register factory for plugin cuFFT when one has already been registered
WARNING: All log messages before absl::InitializeLog() is called are written to STDERR
E0000 00:00:1735936415.626082  344152 cuda_dnn.cc:8310] Unable to register cuDNN factory: Attempting to register factory for plugin cuDNN when one has already been registered
E0000 00:00:1735936415.693110  344152 cuda_blas.cc:1418] Unable to register cuBLAS factory: Attempting to register factory for plugin cuBLAS when one has already been registered
2025-01-03 15:33:36.413619: I tensorflow/core/platform/cpu_feature_guard.cc:210] This TensorFlow binary is optimized to use available CPU instructions in performance-critical operations.
To enable the following instructions: AVX2 AVX512F AVX512_VNNI FMA, in other operations, rebuild TensorFlow with the appropriate compiler flags.
Using backend: tensorflow
Other supported backends: tensorflow.compat.v1, pytorch, jax, paddle.
paddle supports more examples now and is recommended.
Enable just-in-time compilation with XLA.

Disable just-in-time compilation with XLA.
ERROR:root:ERROR: MATLAB type not supported: qmustatistics, (uint32)
ERROR:root:ERROR: MATLAB type not supported: lovenumbers, (uint32)
ERROR:root:ERROR: MATLAB type not supported: rotational, (uint32)
ERROR:root:ERROR: MATLAB type not supported: solidearthsettings, (uint32)
2025-01-03 15:34:09.291234: W tensorflow/core/common_runtime/gpu/gpu_bfc_allocator.cc:47] Overriding orig_value setting because the TF_FORCE_GPU_ALLOW_GROWTH environment variable is set. Original config value was 0.
I0000 00:00:1735936449.291469  344152 gpu_device.cc:2022] Created device /job:localhost/replica:0/task:0/device:GPU:0 with 31134 MB memory:  -> device: 0, name: Tesla V100-SXM2-32GB, pci bus id: 0000:62:00.0, compute capability: 7.0
Set the default float type to float64
add Fourier feature transform to input transform
add output transform with [-3.1709792e-04 -3.1709792e-04 -3.1709792e-04 -3.1709792e-04
 -1.0000000e+03  1.0000000e+01  1.0000000e-02] and [3.1709792e-04 3.1709792e-04 3.1709792e-04 3.1709792e-04 3.6000000e+03
 3.5000000e+03 1.0000000e+04]
Compiling model...
'compile' took 0.006384 s

Training model...

Step      Train loss                                                                                    Test loss                                                                                     Test metric
0         [1.40e+02, 1.04e+02, 7.76e+01, 6.16e+01, 6.48e+02, 1.79e+03, 5.48e-01, 4.58e-01, 3.71e-02]    [1.40e+02, 1.04e+02, 7.76e+01, 6.16e+01, 6.48e+02, 1.79e+03, 5.48e-01, 4.58e-01, 3.71e-02]    []  
10000     [1.28e-03, 1.75e-03, 1.04e-03, 1.13e-03, 9.41e-04, 1.18e-03, 1.26e-03, 1.52e-02, 9.43e-03]    [1.28e-03, 1.75e-03, 1.04e-03, 1.13e-03, 9.41e-04, 1.18e-03, 1.26e-03, 1.52e-02, 9.43e-03]    []  
