2024-12-20 23:45:18.323135: I tensorflow/core/util/port.cc:153] oneDNN custom operations are on. You may see slightly different numerical results due to floating-point round-off errors from different computation orders. To turn them off, set the environment variable `TF_ENABLE_ONEDNN_OPTS=0`.
2024-12-20 23:45:19.450920: E external/local_xla/xla/stream_executor/cuda/cuda_fft.cc:477] Unable to register cuFFT factory: Attempting to register factory for plugin cuFFT when one has already been registered
WARNING: All log messages before absl::InitializeLog() is called are written to STDERR
E0000 00:00:1734756319.599654 1629387 cuda_dnn.cc:8310] Unable to register cuDNN factory: Attempting to register factory for plugin cuDNN when one has already been registered
E0000 00:00:1734756319.668145 1629387 cuda_blas.cc:1418] Unable to register cuBLAS factory: Attempting to register factory for plugin cuBLAS when one has already been registered
2024-12-20 23:45:20.650481: I tensorflow/core/platform/cpu_feature_guard.cc:210] This TensorFlow binary is optimized to use available CPU instructions in performance-critical operations.
To enable the following instructions: AVX2 AVX512F AVX512_VNNI FMA, in other operations, rebuild TensorFlow with the appropriate compiler flags.
Using backend: tensorflow
Other supported backends: tensorflow.compat.v1, pytorch, jax, paddle.
paddle supports more examples now and is recommended.
Enable just-in-time compilation with XLA.

Disable just-in-time compilation with XLA.
ERROR:root:ERROR: MATLAB type not supported: qmustatistics, (uint32)
ERROR:root:ERROR: MATLAB type not supported: lovenumbers, (uint32)
ERROR:root:ERROR: MATLAB type not supported: rotational, (uint32)
ERROR:root:ERROR: MATLAB type not supported: solidearthsettings, (uint32)
2024-12-20 23:45:50.158615: W tensorflow/core/common_runtime/gpu/gpu_bfc_allocator.cc:47] Overriding orig_value setting because the TF_FORCE_GPU_ALLOW_GROWTH environment variable is set. Original config value was 0.
I0000 00:00:1734756350.158865 1629387 gpu_device.cc:2022] Created device /job:localhost/replica:0/task:0/device:GPU:0 with 31134 MB memory:  -> device: 0, name: Tesla V100-SXM2-32GB, pci bus id: 0000:89:00.0, compute capability: 7.0
Set the default float type to float64
add Fourier feature transform to input transform
add output transform with [-3.1709792e-04 -3.1709792e-04 -1.0000000e+03  1.0000000e+01
  1.0000000e-02  7.0000000e+07] and [3.1709792e-04 3.1709792e-04 3.6000000e+03 3.5000000e+03 1.0000000e+04
 7.0000000e+08]
Compiling model...
'compile' took 0.005494 s

Training model...

Step      Train loss                                                                          Test loss                                                                           Test metric
0         [1.62e+02, 1.77e+02, 1.21e+03, 7.57e+02, 3.06e+00, 1.29e+00, 4.09e-01, 4.28e+00]    [1.62e+02, 1.77e+02, 1.21e+03, 7.57e+02, 3.06e+00, 1.29e+00, 4.09e-01, 4.28e+00]    []  
10000     [1.04e-02, 1.18e-02, 4.55e-03, 1.05e-02, 1.20e-03, 3.32e-02, 9.69e-03, 6.88e-04]    [1.04e-02, 1.18e-02, 4.55e-03, 1.05e-02, 1.20e-03, 3.32e-02, 9.69e-03, 6.88e-04]    []  
20000     [6.74e-03, 1.96e-03, 6.91e-04, 1.31e-03, 4.35e-04, 1.53e-02, 5.31e-03, 8.47e-05]    [6.74e-03, 1.96e-03, 6.91e-04, 1.31e-03, 4.35e-04, 1.53e-02, 5.31e-03, 8.47e-05]    []  
30000     [1.67e-03, 1.32e-03, 6.89e-04, 1.43e-03, 3.47e-04, 1.20e-02, 4.60e-03, 5.60e-05]    [1.67e-03, 1.32e-03, 6.89e-04, 1.43e-03, 3.47e-04, 1.20e-02, 4.60e-03, 5.60e-05]    []  
40000     [1.61e-03, 1.89e-03, 4.21e-04, 4.53e-04, 3.17e-04, 1.06e-02, 4.46e-03, 5.37e-05]    [1.61e-03, 1.89e-03, 4.21e-04, 4.53e-04, 3.17e-04, 1.06e-02, 4.46e-03, 5.37e-05]    []  
50000     [7.07e-04, 5.61e-04, 2.97e-04, 4.01e-04, 2.97e-04, 9.64e-03, 4.02e-03, 4.66e-05]    [7.07e-04, 5.61e-04, 2.97e-04, 4.01e-04, 2.97e-04, 9.64e-03, 4.02e-03, 4.66e-05]    []  
60000     [1.21e-03, 5.16e-04, 2.67e-04, 2.88e-04, 2.88e-04, 9.09e-03, 3.93e-03, 4.32e-05]    [1.21e-03, 5.16e-04, 2.67e-04, 2.88e-04, 2.88e-04, 9.09e-03, 3.93e-03, 4.32e-05]    []  
70000     [4.09e-04, 3.25e-04, 2.01e-04, 2.71e-04, 2.90e-04, 8.67e-03, 3.85e-03, 4.24e-05]    [4.09e-04, 3.25e-04, 2.01e-04, 2.71e-04, 2.90e-04, 8.67e-03, 3.85e-03, 4.24e-05]    []  
80000     [1.73e-03, 7.55e-04, 2.13e-04, 2.86e-04, 2.75e-04, 8.38e-03, 3.78e-03, 4.18e-05]    [1.73e-03, 7.55e-04, 2.13e-04, 2.86e-04, 2.75e-04, 8.38e-03, 3.78e-03, 4.18e-05]    []  
90000     [2.96e-04, 2.98e-04, 1.77e-04, 2.43e-04, 2.86e-04, 8.37e-03, 3.71e-03, 4.31e-05]    [2.96e-04, 2.98e-04, 1.77e-04, 2.43e-04, 2.86e-04, 8.37e-03, 3.71e-03, 4.31e-05]    []  
100000    [3.38e-04, 3.55e-04, 1.66e-04, 2.33e-04, 2.70e-04, 7.82e-03, 3.69e-03, 3.55e-05]    [3.38e-04, 3.55e-04, 1.66e-04, 2.33e-04, 2.70e-04, 7.82e-03, 3.69e-03, 3.55e-05]    []  
110000    [5.54e-04, 6.47e-04, 2.03e-04, 2.96e-04, 2.71e-04, 7.58e-03, 3.64e-03, 3.14e-05]    [5.54e-04, 6.47e-04, 2.03e-04, 2.96e-04, 2.71e-04, 7.58e-03, 3.64e-03, 3.14e-05]    []  
120000    [4.75e-04, 5.15e-04, 1.73e-04, 2.47e-04, 2.72e-04, 7.31e-03, 3.62e-03, 3.08e-05]    [4.75e-04, 5.15e-04, 1.73e-04, 2.47e-04, 2.72e-04, 7.31e-03, 3.62e-03, 3.08e-05]    []  
130000    [6.24e-04, 1.14e-03, 1.86e-04, 5.93e-04, 2.86e-04, 7.05e-03, 3.73e-03, 2.87e-05]    [6.24e-04, 1.14e-03, 1.86e-04, 5.93e-04, 2.86e-04, 7.05e-03, 3.73e-03, 2.87e-05]    []  
140000    [3.66e-04, 4.90e-04, 1.56e-04, 2.26e-04, 2.67e-04, 6.92e-03, 3.58e-03, 2.69e-05]    [3.66e-04, 4.90e-04, 1.56e-04, 2.26e-04, 2.67e-04, 6.92e-03, 3.58e-03, 2.69e-05]    []  
150000    [5.91e-04, 8.65e-04, 1.51e-04, 3.23e-04, 2.66e-04, 6.82e-03, 3.56e-03, 2.59e-05]    [5.91e-04, 8.65e-04, 1.51e-04, 3.23e-04, 2.66e-04, 6.82e-03, 3.56e-03, 2.59e-05]    []  
160000    [3.50e-04, 3.75e-04, 1.56e-04, 2.34e-04, 2.66e-04, 6.61e-03, 3.54e-03, 2.64e-05]    [3.50e-04, 3.75e-04, 1.56e-04, 2.34e-04, 2.66e-04, 6.61e-03, 3.54e-03, 2.64e-05]    []  
170000    [9.13e-04, 5.88e-04, 1.82e-04, 2.66e-04, 2.65e-04, 6.62e-03, 3.52e-03, 2.63e-05]    [9.13e-04, 5.88e-04, 1.82e-04, 2.66e-04, 2.65e-04, 6.62e-03, 3.52e-03, 2.63e-05]    []  
180000    [1.10e-03, 1.23e-03, 1.94e-04, 2.78e-04, 2.56e-04, 6.45e-03, 3.47e-03, 2.68e-05]    [1.10e-03, 1.23e-03, 1.94e-04, 2.78e-04, 2.56e-04, 6.45e-03, 3.47e-03, 2.68e-05]    []  
190000    [1.81e-03, 1.06e-03, 2.24e-04, 2.49e-04, 2.64e-04, 6.27e-03, 3.46e-03, 2.83e-05]    [1.81e-03, 1.06e-03, 2.24e-04, 2.49e-04, 2.64e-04, 6.27e-03, 3.46e-03, 2.83e-05]    []  
200000    [1.32e-03, 8.20e-04, 1.84e-04, 2.39e-04, 2.58e-04, 6.13e-03, 3.42e-03, 2.82e-05]    [1.32e-03, 8.20e-04, 1.84e-04, 2.39e-04, 2.58e-04, 6.13e-03, 3.42e-03, 2.82e-05]    []  
210000    [8.14e-04, 1.82e-03, 1.63e-04, 3.42e-04, 2.53e-04, 5.98e-03, 3.39e-03, 2.99e-05]    [8.14e-04, 1.82e-03, 1.63e-04, 3.42e-04, 2.53e-04, 5.98e-03, 3.39e-03, 2.99e-05]    []  
220000    [1.00e-03, 8.29e-04, 1.74e-04, 2.57e-04, 2.55e-04, 5.89e-03, 3.39e-03, 2.90e-05]    [1.00e-03, 8.29e-04, 1.74e-04, 2.57e-04, 2.55e-04, 5.89e-03, 3.39e-03, 2.90e-05]    []  
230000    [4.59e-04, 4.02e-04, 1.57e-04, 2.70e-04, 2.53e-04, 5.74e-03, 3.41e-03, 2.89e-05]    [4.59e-04, 4.02e-04, 1.57e-04, 2.70e-04, 2.53e-04, 5.74e-03, 3.41e-03, 2.89e-05]    []  
240000    [1.51e-03, 7.48e-04, 1.67e-04, 2.55e-04, 2.53e-04, 5.65e-03, 3.31e-03, 2.74e-05]    [1.51e-03, 7.48e-04, 1.67e-04, 2.55e-04, 2.53e-04, 5.65e-03, 3.31e-03, 2.74e-05]    []  
250000    [3.23e-04, 4.87e-04, 1.49e-04, 2.43e-04, 2.48e-04, 5.63e-03, 3.28e-03, 2.65e-05]    [3.23e-04, 4.87e-04, 1.49e-04, 2.43e-04, 2.48e-04, 5.63e-03, 3.28e-03, 2.65e-05]    []  
260000    [1.08e-03, 4.86e-04, 2.01e-04, 2.14e-04, 2.51e-04, 5.53e-03, 3.27e-03, 2.58e-05]    [1.08e-03, 4.86e-04, 2.01e-04, 2.14e-04, 2.51e-04, 5.53e-03, 3.27e-03, 2.58e-05]    []  
270000    [1.69e-03, 4.89e-04, 1.87e-04, 2.34e-04, 2.46e-04, 5.45e-03, 3.20e-03, 2.42e-05]    [1.69e-03, 4.89e-04, 1.87e-04, 2.34e-04, 2.46e-04, 5.45e-03, 3.20e-03, 2.42e-05]    []  
280000    [9.52e-04, 4.09e-04, 2.10e-04, 2.07e-04, 2.53e-04, 5.36e-03, 3.15e-03, 2.42e-05]    [9.52e-04, 4.09e-04, 2.10e-04, 2.07e-04, 2.53e-04, 5.36e-03, 3.15e-03, 2.42e-05]    []  
290000    [5.76e-04, 3.73e-04, 1.70e-04, 2.30e-04, 2.53e-04, 5.30e-03, 3.13e-03, 2.49e-05]    [5.76e-04, 3.73e-04, 1.70e-04, 2.30e-04, 2.53e-04, 5.30e-03, 3.13e-03, 2.49e-05]    []  
300000    [7.50e-04, 6.54e-04, 1.38e-04, 2.14e-04, 2.58e-04, 5.35e-03, 3.09e-03, 2.67e-05]    [7.50e-04, 6.54e-04, 1.38e-04, 2.14e-04, 2.58e-04, 5.35e-03, 3.09e-03, 2.67e-05]    []  
310000    [7.90e-04, 7.27e-04, 1.38e-04, 2.47e-04, 2.45e-04, 5.17e-03, 3.03e-03, 2.50e-05]    [7.90e-04, 7.27e-04, 1.38e-04, 2.47e-04, 2.45e-04, 5.17e-03, 3.03e-03, 2.50e-05]    []  
320000    [3.17e-04, 5.85e-04, 1.52e-04, 2.13e-04, 2.47e-04, 5.33e-03, 3.02e-03, 2.55e-05]    [3.17e-04, 5.85e-04, 1.52e-04, 2.13e-04, 2.47e-04, 5.33e-03, 3.02e-03, 2.55e-05]    []  
330000    [2.47e-04, 3.88e-04, 1.43e-04, 2.26e-04, 2.42e-04, 5.09e-03, 2.99e-03, 2.60e-05]    [2.47e-04, 3.88e-04, 1.43e-04, 2.26e-04, 2.42e-04, 5.09e-03, 2.99e-03, 2.60e-05]    []  
340000    [5.26e-04, 3.40e-04, 1.43e-04, 2.21e-04, 2.47e-04, 5.03e-03, 2.96e-03, 2.78e-05]    [5.26e-04, 3.40e-04, 1.43e-04, 2.21e-04, 2.47e-04, 5.03e-03, 2.96e-03, 2.78e-05]    []  
350000    [6.69e-04, 5.52e-04, 1.65e-04, 2.29e-04, 2.43e-04, 5.02e-03, 2.94e-03, 2.59e-05]    [6.69e-04, 5.52e-04, 1.65e-04, 2.29e-04, 2.43e-04, 5.02e-03, 2.94e-03, 2.59e-05]    []  
360000    [1.88e-03, 5.17e-04, 1.72e-04, 2.21e-04, 2.46e-04, 4.92e-03, 2.86e-03, 2.76e-05]    [1.88e-03, 5.17e-04, 1.72e-04, 2.21e-04, 2.46e-04, 4.92e-03, 2.86e-03, 2.76e-05]    []  
370000    [8.51e-04, 1.11e-03, 1.58e-04, 2.59e-04, 2.56e-04, 4.95e-03, 2.89e-03, 2.79e-05]    [8.51e-04, 1.11e-03, 1.58e-04, 2.59e-04, 2.56e-04, 4.95e-03, 2.89e-03, 2.79e-05]    []  
380000    [9.61e-04, 5.80e-04, 1.45e-04, 2.32e-04, 2.44e-04, 4.83e-03, 2.80e-03, 2.62e-05]    [9.61e-04, 5.80e-04, 1.45e-04, 2.32e-04, 2.44e-04, 4.83e-03, 2.80e-03, 2.62e-05]    []  
390000    [1.07e-03, 6.84e-04, 1.56e-04, 2.58e-04, 2.36e-04, 4.73e-03, 2.77e-03, 2.62e-05]    [1.07e-03, 6.84e-04, 1.56e-04, 2.58e-04, 2.36e-04, 4.73e-03, 2.77e-03, 2.62e-05]    []  
400000    [3.22e-04, 4.54e-04, 1.47e-04, 2.22e-04, 2.41e-04, 4.89e-03, 2.76e-03, 2.65e-05]    [3.22e-04, 4.54e-04, 1.47e-04, 2.22e-04, 2.41e-04, 4.89e-03, 2.76e-03, 2.65e-05]    []  
410000    [7.43e-04, 5.70e-04, 2.13e-04, 2.79e-04, 2.41e-04, 4.87e-03, 3.00e-03, 2.73e-05]    [7.43e-04, 5.70e-04, 2.13e-04, 2.79e-04, 2.41e-04, 4.87e-03, 3.00e-03, 2.73e-05]    []  
420000    [8.80e-04, 5.52e-04, 1.50e-04, 2.09e-04, 2.37e-04, 4.65e-03, 2.72e-03, 2.63e-05]    [8.80e-04, 5.52e-04, 1.50e-04, 2.09e-04, 2.37e-04, 4.65e-03, 2.72e-03, 2.63e-05]    []  
430000    [4.74e-04, 3.47e-04, 1.38e-04, 2.11e-04, 2.32e-04, 4.62e-03, 2.70e-03, 2.59e-05]    [4.74e-04, 3.47e-04, 1.38e-04, 2.11e-04, 2.32e-04, 4.62e-03, 2.70e-03, 2.59e-05]    []  
440000    [3.91e-04, 3.18e-04, 1.43e-04, 1.98e-04, 2.34e-04, 4.74e-03, 2.69e-03, 2.62e-05]    [3.91e-04, 3.18e-04, 1.43e-04, 1.98e-04, 2.34e-04, 4.74e-03, 2.69e-03, 2.62e-05]    []  
450000    [7.31e-04, 8.24e-04, 1.57e-04, 2.56e-04, 2.34e-04, 4.55e-03, 2.66e-03, 2.55e-05]    [7.31e-04, 8.24e-04, 1.57e-04, 2.56e-04, 2.34e-04, 4.55e-03, 2.66e-03, 2.55e-05]    []  
460000    [1.47e-03, 6.31e-04, 2.69e-04, 2.09e-04, 2.37e-04, 4.63e-03, 2.70e-03, 2.69e-05]    [1.47e-03, 6.31e-04, 2.69e-04, 2.09e-04, 2.37e-04, 4.63e-03, 2.70e-03, 2.69e-05]    []  
470000    [2.56e-04, 3.51e-04, 1.39e-04, 1.97e-04, 2.32e-04, 4.49e-03, 2.62e-03, 2.43e-05]    [2.56e-04, 3.51e-04, 1.39e-04, 1.97e-04, 2.32e-04, 4.49e-03, 2.62e-03, 2.43e-05]    []  
480000    [4.07e-04, 4.46e-04, 1.71e-04, 2.54e-04, 2.31e-04, 4.45e-03, 2.61e-03, 2.41e-05]    [4.07e-04, 4.46e-04, 1.71e-04, 2.54e-04, 2.31e-04, 4.45e-03, 2.61e-03, 2.41e-05]    []  
490000    [5.31e-04, 5.53e-04, 1.51e-04, 2.65e-04, 2.31e-04, 4.70e-03, 2.61e-03, 2.45e-05]    [5.31e-04, 5.53e-04, 1.51e-04, 2.65e-04, 2.31e-04, 4.70e-03, 2.61e-03, 2.45e-05]    []  
500000    [4.64e-04, 3.56e-04, 1.51e-04, 2.21e-04, 2.28e-04, 4.40e-03, 2.59e-03, 2.35e-05]    [4.64e-04, 3.56e-04, 1.51e-04, 2.21e-04, 2.28e-04, 4.40e-03, 2.59e-03, 2.35e-05]    []  
510000    [5.90e-04, 1.23e-03, 1.46e-04, 2.75e-04, 2.26e-04, 4.37e-03, 2.56e-03, 2.33e-05]    [5.90e-04, 1.23e-03, 1.46e-04, 2.75e-04, 2.26e-04, 4.37e-03, 2.56e-03, 2.33e-05]    []  
520000    [8.69e-04, 6.04e-04, 1.86e-04, 2.25e-04, 2.33e-04, 4.37e-03, 2.56e-03, 2.36e-05]    [8.69e-04, 6.04e-04, 1.86e-04, 2.25e-04, 2.33e-04, 4.37e-03, 2.56e-03, 2.36e-05]    []  
530000    [7.85e-04, 3.73e-04, 1.90e-04, 2.16e-04, 2.36e-04, 4.41e-03, 2.53e-03, 2.33e-05]    [7.85e-04, 3.73e-04, 1.90e-04, 2.16e-04, 2.36e-04, 4.41e-03, 2.53e-03, 2.33e-05]    []  
540000    [1.58e-03, 1.01e-03, 2.17e-04, 2.37e-04, 2.31e-04, 4.30e-03, 2.52e-03, 2.35e-05]    [1.58e-03, 1.01e-03, 2.17e-04, 2.37e-04, 2.31e-04, 4.30e-03, 2.52e-03, 2.35e-05]    []  
550000    [5.42e-04, 7.48e-04, 1.61e-04, 2.13e-04, 2.27e-04, 4.26e-03, 2.49e-03, 2.25e-05]    [5.42e-04, 7.48e-04, 1.61e-04, 2.13e-04, 2.27e-04, 4.26e-03, 2.49e-03, 2.25e-05]    []  
560000    [3.57e-04, 5.49e-04, 1.65e-04, 2.51e-04, 2.31e-04, 4.26e-03, 2.49e-03, 2.22e-05]    [3.57e-04, 5.49e-04, 1.65e-04, 2.51e-04, 2.31e-04, 4.26e-03, 2.49e-03, 2.22e-05]    []  
570000    [5.36e-04, 4.55e-04, 1.73e-04, 2.35e-04, 2.39e-04, 4.25e-03, 2.49e-03, 2.49e-05]    [5.36e-04, 4.55e-04, 1.73e-04, 2.35e-04, 2.39e-04, 4.25e-03, 2.49e-03, 2.49e-05]    []  
580000    [3.40e-04, 4.41e-04, 1.40e-04, 2.33e-04, 2.28e-04, 4.25e-03, 2.47e-03, 2.18e-05]    [3.40e-04, 4.41e-04, 1.40e-04, 2.33e-04, 2.28e-04, 4.25e-03, 2.47e-03, 2.18e-05]    []  
590000    [3.36e-04, 5.74e-04, 1.39e-04, 2.16e-04, 2.25e-04, 4.20e-03, 2.43e-03, 2.17e-05]    [3.36e-04, 5.74e-04, 1.39e-04, 2.16e-04, 2.25e-04, 4.20e-03, 2.43e-03, 2.17e-05]    []  
600000    [6.22e-04, 4.19e-04, 1.44e-04, 2.01e-04, 2.28e-04, 4.21e-03, 2.46e-03, 2.19e-05]    [6.22e-04, 4.19e-04, 1.44e-04, 2.01e-04, 2.28e-04, 4.21e-03, 2.46e-03, 2.19e-05]    []  
610000    [7.88e-04, 3.41e-04, 1.29e-04, 2.18e-04, 2.26e-04, 4.19e-03, 2.41e-03, 2.08e-05]    [7.88e-04, 3.41e-04, 1.29e-04, 2.18e-04, 2.26e-04, 4.19e-03, 2.41e-03, 2.08e-05]    []  
620000    [3.20e-04, 3.86e-04, 1.44e-04, 2.00e-04, 2.26e-04, 4.12e-03, 2.40e-03, 2.09e-05]    [3.20e-04, 3.86e-04, 1.44e-04, 2.00e-04, 2.26e-04, 4.12e-03, 2.40e-03, 2.09e-05]    []  
630000    [2.75e-04, 3.01e-04, 1.42e-04, 2.07e-04, 2.26e-04, 4.23e-03, 2.42e-03, 2.06e-05]    [2.75e-04, 3.01e-04, 1.42e-04, 2.07e-04, 2.26e-04, 4.23e-03, 2.42e-03, 2.06e-05]    []  
640000    [4.44e-04, 6.35e-04, 1.36e-04, 2.24e-04, 2.25e-04, 4.07e-03, 2.38e-03, 2.09e-05]    [4.44e-04, 6.35e-04, 1.36e-04, 2.24e-04, 2.25e-04, 4.07e-03, 2.38e-03, 2.09e-05]    []  
650000    [2.44e-04, 2.85e-04, 1.43e-04, 2.05e-04, 2.24e-04, 4.12e-03, 2.37e-03, 2.08e-05]    [2.44e-04, 2.85e-04, 1.43e-04, 2.05e-04, 2.24e-04, 4.12e-03, 2.37e-03, 2.08e-05]    []  
660000    [4.97e-04, 8.19e-04, 1.46e-04, 2.42e-04, 2.27e-04, 4.07e-03, 2.37e-03, 2.07e-05]    [4.97e-04, 8.19e-04, 1.46e-04, 2.42e-04, 2.27e-04, 4.07e-03, 2.37e-03, 2.07e-05]    []  
670000    [1.04e-03, 4.60e-04, 1.48e-04, 2.20e-04, 2.24e-04, 4.08e-03, 2.36e-03, 2.16e-05]    [1.04e-03, 4.60e-04, 1.48e-04, 2.20e-04, 2.24e-04, 4.08e-03, 2.36e-03, 2.16e-05]    []  
680000    [3.88e-04, 3.98e-04, 1.47e-04, 2.39e-04, 2.25e-04, 4.09e-03, 2.41e-03, 2.16e-05]    [3.88e-04, 3.98e-04, 1.47e-04, 2.39e-04, 2.25e-04, 4.09e-03, 2.41e-03, 2.16e-05]    []  
690000    [3.67e-04, 3.82e-04, 1.38e-04, 2.14e-04, 2.23e-04, 4.17e-03, 2.34e-03, 2.12e-05]    [3.67e-04, 3.82e-04, 1.38e-04, 2.14e-04, 2.23e-04, 4.17e-03, 2.34e-03, 2.12e-05]    []  
700000    [5.41e-04, 4.95e-04, 1.35e-04, 2.33e-04, 2.29e-04, 4.02e-03, 2.35e-03, 2.14e-05]    [5.41e-04, 4.95e-04, 1.35e-04, 2.33e-04, 2.29e-04, 4.02e-03, 2.35e-03, 2.14e-05]    []  
710000    [2.67e-04, 3.25e-04, 1.37e-04, 2.12e-04, 2.24e-04, 3.93e-03, 2.33e-03, 2.11e-05]    [2.67e-04, 3.25e-04, 1.37e-04, 2.12e-04, 2.24e-04, 3.93e-03, 2.33e-03, 2.11e-05]    []  
720000    [1.26e-03, 5.48e-04, 2.09e-04, 2.13e-04, 2.28e-04, 3.95e-03, 2.32e-03, 2.10e-05]    [1.26e-03, 5.48e-04, 2.09e-04, 2.13e-04, 2.28e-04, 3.95e-03, 2.32e-03, 2.10e-05]    []  
730000    [4.93e-04, 4.19e-04, 1.28e-04, 2.09e-04, 2.28e-04, 4.02e-03, 2.31e-03, 2.09e-05]    [4.93e-04, 4.19e-04, 1.28e-04, 2.09e-04, 2.28e-04, 4.02e-03, 2.31e-03, 2.09e-05]    []  
740000    [2.57e-04, 3.43e-04, 1.39e-04, 2.09e-04, 2.22e-04, 3.87e-03, 2.33e-03, 2.07e-05]    [2.57e-04, 3.43e-04, 1.39e-04, 2.09e-04, 2.22e-04, 3.87e-03, 2.33e-03, 2.07e-05]    []  
750000    [3.47e-04, 4.19e-04, 1.33e-04, 2.33e-04, 2.23e-04, 3.89e-03, 2.30e-03, 2.07e-05]    [3.47e-04, 4.19e-04, 1.33e-04, 2.33e-04, 2.23e-04, 3.89e-03, 2.30e-03, 2.07e-05]    []  
760000    [3.48e-04, 3.68e-04, 1.36e-04, 2.11e-04, 2.22e-04, 3.96e-03, 2.32e-03, 2.08e-05]    [3.48e-04, 3.68e-04, 1.36e-04, 2.11e-04, 2.22e-04, 3.96e-03, 2.32e-03, 2.08e-05]    []  
770000    [2.51e-04, 3.10e-04, 1.35e-04, 2.06e-04, 2.22e-04, 3.83e-03, 2.28e-03, 2.04e-05]    [2.51e-04, 3.10e-04, 1.35e-04, 2.06e-04, 2.22e-04, 3.83e-03, 2.28e-03, 2.04e-05]    []  
780000    [5.41e-04, 7.67e-04, 1.58e-04, 2.39e-04, 2.24e-04, 3.85e-03, 2.34e-03, 2.07e-05]    [5.41e-04, 7.67e-04, 1.58e-04, 2.39e-04, 2.24e-04, 3.85e-03, 2.34e-03, 2.07e-05]    []  
790000    [4.05e-04, 3.54e-04, 1.62e-04, 2.30e-04, 2.27e-04, 3.82e-03, 2.26e-03, 2.01e-05]    [4.05e-04, 3.54e-04, 1.62e-04, 2.30e-04, 2.27e-04, 3.82e-03, 2.26e-03, 2.01e-05]    []  
800000    [4.11e-04, 3.98e-04, 1.29e-04, 2.19e-04, 2.23e-04, 3.80e-03, 2.25e-03, 1.98e-05]    [4.11e-04, 3.98e-04, 1.29e-04, 2.19e-04, 2.23e-04, 3.80e-03, 2.25e-03, 1.98e-05]    []  
810000    [5.42e-04, 3.06e-04, 1.68e-04, 2.18e-04, 2.27e-04, 3.79e-03, 2.24e-03, 2.00e-05]    [5.42e-04, 3.06e-04, 1.68e-04, 2.18e-04, 2.27e-04, 3.79e-03, 2.24e-03, 2.00e-05]    []  
820000    [2.46e-04, 2.96e-04, 1.33e-04, 2.06e-04, 2.22e-04, 3.87e-03, 2.25e-03, 1.97e-05]    [2.46e-04, 2.96e-04, 1.33e-04, 2.06e-04, 2.22e-04, 3.87e-03, 2.25e-03, 1.97e-05]    []  
830000    [7.50e-04, 3.97e-04, 1.37e-04, 2.19e-04, 2.21e-04, 3.82e-03, 2.25e-03, 2.00e-05]    [7.50e-04, 3.97e-04, 1.37e-04, 2.19e-04, 2.21e-04, 3.82e-03, 2.25e-03, 2.00e-05]    []  
840000    [6.41e-04, 6.71e-04, 1.55e-04, 2.16e-04, 2.25e-04, 3.79e-03, 2.23e-03, 1.96e-05]    [6.41e-04, 6.71e-04, 1.55e-04, 2.16e-04, 2.25e-04, 3.79e-03, 2.23e-03, 1.96e-05]    []  
850000    [5.96e-04, 3.93e-04, 1.39e-04, 2.12e-04, 2.29e-04, 3.79e-03, 2.22e-03, 1.94e-05]    [5.96e-04, 3.93e-04, 1.39e-04, 2.12e-04, 2.29e-04, 3.79e-03, 2.22e-03, 1.94e-05]    []  
860000    [1.27e-03, 5.07e-04, 1.49e-04, 2.26e-04, 2.20e-04, 3.74e-03, 2.22e-03, 1.95e-05]    [1.27e-03, 5.07e-04, 1.49e-04, 2.26e-04, 2.20e-04, 3.74e-03, 2.22e-03, 1.95e-05]    []  
870000    [3.14e-04, 2.92e-04, 1.55e-04, 2.33e-04, 2.24e-04, 3.71e-03, 2.20e-03, 1.91e-05]    [3.14e-04, 2.92e-04, 1.55e-04, 2.33e-04, 2.24e-04, 3.71e-03, 2.20e-03, 1.91e-05]    []  
880000    [3.99e-04, 2.97e-04, 1.54e-04, 2.10e-04, 2.22e-04, 3.71e-03, 2.20e-03, 1.91e-05]    [3.99e-04, 2.97e-04, 1.54e-04, 2.10e-04, 2.22e-04, 3.71e-03, 2.20e-03, 1.91e-05]    []  
890000    [2.32e-04, 2.62e-04, 1.43e-04, 2.22e-04, 2.23e-04, 3.71e-03, 2.19e-03, 1.90e-05]    [2.32e-04, 2.62e-04, 1.43e-04, 2.22e-04, 2.23e-04, 3.71e-03, 2.19e-03, 1.90e-05]    []  
900000    [6.01e-04, 3.39e-04, 1.75e-04, 2.12e-04, 2.24e-04, 3.81e-03, 2.21e-03, 1.90e-05]    [6.01e-04, 3.39e-04, 1.75e-04, 2.12e-04, 2.24e-04, 3.81e-03, 2.21e-03, 1.90e-05]    []  
910000    [8.86e-04, 5.65e-04, 1.29e-04, 2.57e-04, 2.20e-04, 3.87e-03, 2.18e-03, 1.97e-05]    [8.86e-04, 5.65e-04, 1.29e-04, 2.57e-04, 2.20e-04, 3.87e-03, 2.18e-03, 1.97e-05]    []  
srun: Job step aborted: Waiting up to 32 seconds for job step to finish.
slurmstepd: error: *** JOB 38904573 ON gpu012 CANCELLED AT 2024-12-22T05:45:03 DUE TO TIME LIMIT ***
slurmstepd: error: *** STEP 38904573.0 ON gpu012 CANCELLED AT 2024-12-22T05:45:03 DUE TO TIME LIMIT ***
