2025-01-06 15:59:02.464289: I tensorflow/core/util/port.cc:153] oneDNN custom operations are on. You may see slightly different numerical results due to floating-point round-off errors from different computation orders. To turn them off, set the environment variable `TF_ENABLE_ONEDNN_OPTS=0`.
2025-01-06 15:59:03.233679: E external/local_xla/xla/stream_executor/cuda/cuda_fft.cc:477] Unable to register cuFFT factory: Attempting to register factory for plugin cuFFT when one has already been registered
WARNING: All log messages before absl::InitializeLog() is called are written to STDERR
E0000 00:00:1736197143.388615 1613022 cuda_dnn.cc:8310] Unable to register cuDNN factory: Attempting to register factory for plugin cuDNN when one has already been registered
E0000 00:00:1736197143.462014 1613022 cuda_blas.cc:1418] Unable to register cuBLAS factory: Attempting to register factory for plugin cuBLAS when one has already been registered
2025-01-06 15:59:04.124566: I tensorflow/core/platform/cpu_feature_guard.cc:210] This TensorFlow binary is optimized to use available CPU instructions in performance-critical operations.
To enable the following instructions: AVX2 AVX512F AVX512_VNNI FMA, in other operations, rebuild TensorFlow with the appropriate compiler flags.
Using backend: tensorflow
Other supported backends: tensorflow.compat.v1, pytorch, jax, paddle.
paddle supports more examples now and is recommended.
Enable just-in-time compilation with XLA.

Disable just-in-time compilation with XLA.
ERROR:root:ERROR: MATLAB type not supported: qmustatistics, (uint32)
ERROR:root:ERROR: MATLAB type not supported: lovenumbers, (uint32)
ERROR:root:ERROR: MATLAB type not supported: rotational, (uint32)
ERROR:root:ERROR: MATLAB type not supported: solidearthsettings, (uint32)
2025-01-06 15:59:35.618581: W tensorflow/core/common_runtime/gpu/gpu_bfc_allocator.cc:47] Overriding orig_value setting because the TF_FORCE_GPU_ALLOW_GROWTH environment variable is set. Original config value was 0.
I0000 00:00:1736197175.618855 1613022 gpu_device.cc:2022] Created device /job:localhost/replica:0/task:0/device:GPU:0 with 31134 MB memory:  -> device: 0, name: Tesla V100-SXM2-32GB, pci bus id: 0000:61:00.0, compute capability: 7.0
Set the default float type to float64
add Fourier feature transform to input transform
add output transform with [-3.1709792e-04 -3.1709792e-04 -3.1709792e-04 -3.1709792e-04
 -1.0000000e+03  1.0000000e+01  1.0000000e-02] and [3.1709792e-04 3.1709792e-04 3.1709792e-04 3.1709792e-04 3.6000000e+03
 3.5000000e+03 1.0000000e+04]
Compiling model...
'compile' took 0.005497 s

Training model...

Step      Train loss                                                                                    Test loss                                                                                     Test metric
0         [7.23e+02, 5.16e+02, 2.41e+02, 1.96e+02, 8.10e+02, 1.12e+03, 8.99e+00, 8.54e-01, 1.73e-01]    [7.23e+02, 5.16e+02, 2.41e+02, 1.96e+02, 8.10e+02, 1.12e+03, 8.99e+00, 8.54e-01, 1.73e-01]    []  
10000     [1.39e-03, 1.98e-03, 9.35e-04, 1.76e-03, 1.16e-03, 2.15e-03, 2.21e-03, 1.71e-02, 9.36e-03]    [1.39e-03, 1.98e-03, 9.35e-04, 1.76e-03, 1.16e-03, 2.15e-03, 2.21e-03, 1.71e-02, 9.36e-03]    []  
20000     [4.35e-04, 3.26e-04, 4.77e-04, 1.87e-04, 2.54e-04, 3.18e-04, 7.17e-04, 7.36e-03, 8.25e-03]    [4.35e-04, 3.26e-04, 4.77e-04, 1.87e-04, 2.54e-04, 3.18e-04, 7.17e-04, 7.36e-03, 8.25e-03]    []  
30000     [1.70e-04, 2.62e-04, 1.12e-04, 1.55e-04, 1.76e-04, 1.53e-04, 7.19e-04, 5.69e-03, 8.10e-03]    [1.70e-04, 2.62e-04, 1.12e-04, 1.55e-04, 1.76e-04, 1.53e-04, 7.19e-04, 5.69e-03, 8.10e-03]    []  
40000     [1.87e-04, 2.45e-04, 1.11e-04, 1.36e-04, 1.41e-04, 1.81e-04, 7.27e-04, 5.13e-03, 8.04e-03]    [1.87e-04, 2.45e-04, 1.11e-04, 1.36e-04, 1.41e-04, 1.81e-04, 7.27e-04, 5.13e-03, 8.04e-03]    []  
50000     [1.78e-04, 1.89e-04, 1.15e-04, 4.51e-04, 1.38e-04, 4.05e-04, 7.42e-04, 4.84e-03, 8.03e-03]    [1.78e-04, 1.89e-04, 1.15e-04, 4.51e-04, 1.38e-04, 4.05e-04, 7.42e-04, 4.84e-03, 8.03e-03]    []  
60000     [1.28e-04, 2.24e-04, 8.88e-05, 1.23e-04, 1.17e-04, 1.05e-04, 7.15e-04, 4.60e-03, 7.95e-03]    [1.28e-04, 2.24e-04, 8.88e-05, 1.23e-04, 1.17e-04, 1.05e-04, 7.15e-04, 4.60e-03, 7.95e-03]    []  
70000     [3.97e-04, 1.70e-04, 2.50e-04, 4.40e-04, 1.28e-04, 2.45e-04, 7.06e-04, 4.49e-03, 7.95e-03]    [3.97e-04, 1.70e-04, 2.50e-04, 4.40e-04, 1.28e-04, 2.45e-04, 7.06e-04, 4.49e-03, 7.95e-03]    []  
80000     [1.62e-04, 2.50e-04, 1.20e-04, 1.10e-04, 1.27e-04, 1.23e-04, 7.05e-04, 4.29e-03, 7.86e-03]    [1.62e-04, 2.50e-04, 1.20e-04, 1.10e-04, 1.27e-04, 1.23e-04, 7.05e-04, 4.29e-03, 7.86e-03]    []  
90000     [1.31e-04, 2.00e-04, 9.79e-05, 1.14e-04, 1.01e-04, 8.22e-05, 7.28e-04, 4.08e-03, 7.83e-03]    [1.31e-04, 2.00e-04, 9.79e-05, 1.14e-04, 1.01e-04, 8.22e-05, 7.28e-04, 4.08e-03, 7.83e-03]    []  
100000    [2.50e-04, 2.16e-04, 1.85e-04, 3.55e-04, 1.86e-04, 1.35e-04, 7.28e-04, 4.07e-03, 7.79e-03]    [2.50e-04, 2.16e-04, 1.85e-04, 3.55e-04, 1.86e-04, 1.35e-04, 7.28e-04, 4.07e-03, 7.79e-03]    []  
110000    [1.52e-04, 2.05e-04, 2.02e-04, 1.43e-04, 1.21e-04, 1.42e-04, 7.65e-04, 4.02e-03, 7.75e-03]    [1.52e-04, 2.05e-04, 2.02e-04, 1.43e-04, 1.21e-04, 1.42e-04, 7.65e-04, 4.02e-03, 7.75e-03]    []  
120000    [1.29e-04, 2.31e-04, 1.08e-04, 1.33e-04, 9.54e-05, 8.56e-05, 7.49e-04, 3.75e-03, 7.73e-03]    [1.29e-04, 2.31e-04, 1.08e-04, 1.33e-04, 9.54e-05, 8.56e-05, 7.49e-04, 3.75e-03, 7.73e-03]    []  
130000    [2.51e-04, 1.89e-04, 1.42e-04, 1.38e-04, 9.24e-05, 7.61e-05, 7.45e-04, 3.69e-03, 7.68e-03]    [2.51e-04, 1.89e-04, 1.42e-04, 1.38e-04, 9.24e-05, 7.61e-05, 7.45e-04, 3.69e-03, 7.68e-03]    []  
140000    [1.36e-04, 1.86e-04, 1.60e-04, 3.35e-04, 9.21e-05, 2.43e-04, 7.64e-04, 3.58e-03, 7.69e-03]    [1.36e-04, 1.86e-04, 1.60e-04, 3.35e-04, 9.21e-05, 2.43e-04, 7.64e-04, 3.58e-03, 7.69e-03]    []  
150000    [2.42e-04, 2.60e-04, 2.40e-04, 3.32e-04, 1.03e-04, 1.21e-04, 7.32e-04, 3.49e-03, 7.67e-03]    [2.42e-04, 2.60e-04, 2.40e-04, 3.32e-04, 1.03e-04, 1.21e-04, 7.32e-04, 3.49e-03, 7.67e-03]    []  
160000    [3.10e-04, 2.84e-04, 2.30e-04, 1.93e-04, 1.01e-04, 9.45e-05, 7.19e-04, 3.57e-03, 7.65e-03]    [3.10e-04, 2.84e-04, 2.30e-04, 1.93e-04, 1.01e-04, 9.45e-05, 7.19e-04, 3.57e-03, 7.65e-03]    []  
170000    [4.87e-04, 3.17e-04, 2.96e-04, 2.30e-04, 1.55e-04, 8.21e-05, 6.89e-04, 3.34e-03, 7.59e-03]    [4.87e-04, 3.17e-04, 2.96e-04, 2.30e-04, 1.55e-04, 8.21e-05, 6.89e-04, 3.34e-03, 7.59e-03]    []  
180000    [2.62e-04, 3.57e-04, 3.04e-04, 1.70e-04, 1.07e-04, 8.97e-05, 7.35e-04, 3.37e-03, 7.56e-03]    [2.62e-04, 3.57e-04, 3.04e-04, 1.70e-04, 1.07e-04, 8.97e-05, 7.35e-04, 3.37e-03, 7.56e-03]    []  
190000    [1.44e-04, 1.99e-04, 8.07e-05, 1.23e-04, 8.62e-05, 8.15e-05, 7.29e-04, 3.10e-03, 7.57e-03]    [1.44e-04, 1.99e-04, 8.07e-05, 1.23e-04, 8.62e-05, 8.15e-05, 7.29e-04, 3.10e-03, 7.57e-03]    []  
200000    [1.70e-04, 1.77e-04, 1.11e-04, 2.52e-04, 1.44e-04, 9.43e-05, 7.30e-04, 3.02e-03, 7.56e-03]    [1.70e-04, 1.77e-04, 1.11e-04, 2.52e-04, 1.44e-04, 9.43e-05, 7.30e-04, 3.02e-03, 7.56e-03]    []  
210000    [1.50e-04, 1.72e-04, 1.69e-04, 1.17e-04, 8.34e-05, 2.35e-04, 7.49e-04, 2.95e-03, 7.55e-03]    [1.50e-04, 1.72e-04, 1.69e-04, 1.17e-04, 8.34e-05, 2.35e-04, 7.49e-04, 2.95e-03, 7.55e-03]    []  
220000    [2.42e-04, 3.13e-04, 2.45e-04, 1.75e-04, 1.02e-04, 1.28e-04, 7.61e-04, 3.33e-03, 7.49e-03]    [2.42e-04, 3.13e-04, 2.45e-04, 1.75e-04, 1.02e-04, 1.28e-04, 7.61e-04, 3.33e-03, 7.49e-03]    []  
230000    [1.83e-04, 1.74e-04, 1.66e-04, 1.42e-04, 1.35e-04, 1.61e-04, 7.44e-04, 2.77e-03, 7.53e-03]    [1.83e-04, 1.74e-04, 1.66e-04, 1.42e-04, 1.35e-04, 1.61e-04, 7.44e-04, 2.77e-03, 7.53e-03]    []  
240000    [1.44e-04, 3.25e-04, 1.01e-04, 1.21e-04, 1.81e-04, 7.94e-05, 7.28e-04, 2.73e-03, 7.44e-03]    [1.44e-04, 3.25e-04, 1.01e-04, 1.21e-04, 1.81e-04, 7.94e-05, 7.28e-04, 2.73e-03, 7.44e-03]    []  
250000    [1.39e-04, 2.29e-04, 1.42e-04, 1.18e-04, 1.00e-04, 1.45e-04, 7.45e-04, 2.72e-03, 7.49e-03]    [1.39e-04, 2.29e-04, 1.42e-04, 1.18e-04, 1.00e-04, 1.45e-04, 7.45e-04, 2.72e-03, 7.49e-03]    []  
260000    [3.01e-04, 2.25e-04, 1.58e-04, 1.43e-04, 9.09e-05, 2.41e-04, 7.30e-04, 2.87e-03, 7.45e-03]    [3.01e-04, 2.25e-04, 1.58e-04, 1.43e-04, 9.09e-05, 2.41e-04, 7.30e-04, 2.87e-03, 7.45e-03]    []  
270000    [2.10e-04, 1.91e-04, 1.02e-04, 1.16e-04, 8.75e-05, 1.27e-04, 7.40e-04, 2.64e-03, 7.40e-03]    [2.10e-04, 1.91e-04, 1.02e-04, 1.16e-04, 8.75e-05, 1.27e-04, 7.40e-04, 2.64e-03, 7.40e-03]    []  
280000    [2.94e-04, 4.40e-04, 2.07e-04, 1.71e-04, 1.19e-04, 7.72e-05, 7.48e-04, 2.61e-03, 7.37e-03]    [2.94e-04, 4.40e-04, 2.07e-04, 1.71e-04, 1.19e-04, 7.72e-05, 7.48e-04, 2.61e-03, 7.37e-03]    []  
290000    [1.74e-04, 2.27e-04, 1.07e-04, 1.11e-04, 9.75e-05, 1.27e-04, 7.36e-04, 2.78e-03, 7.34e-03]    [1.74e-04, 2.27e-04, 1.07e-04, 1.11e-04, 9.75e-05, 1.27e-04, 7.36e-04, 2.78e-03, 7.34e-03]    []  
300000    [1.62e-04, 2.22e-04, 1.37e-04, 1.14e-04, 2.19e-04, 9.88e-05, 7.59e-04, 2.59e-03, 7.38e-03]    [1.62e-04, 2.22e-04, 1.37e-04, 1.14e-04, 2.19e-04, 9.88e-05, 7.59e-04, 2.59e-03, 7.38e-03]    []  
310000    [1.17e-04, 2.55e-04, 9.42e-05, 1.18e-04, 6.86e-05, 7.89e-05, 7.60e-04, 2.50e-03, 7.34e-03]    [1.17e-04, 2.55e-04, 9.42e-05, 1.18e-04, 6.86e-05, 7.89e-05, 7.60e-04, 2.50e-03, 7.34e-03]    []  
320000    [1.30e-04, 2.02e-04, 1.03e-04, 1.07e-04, 6.72e-05, 6.85e-05, 7.58e-04, 2.49e-03, 7.35e-03]    [1.30e-04, 2.02e-04, 1.03e-04, 1.07e-04, 6.72e-05, 6.85e-05, 7.58e-04, 2.49e-03, 7.35e-03]    []  
330000    [2.06e-04, 3.75e-04, 1.58e-04, 1.58e-04, 1.28e-04, 8.95e-05, 7.63e-04, 2.50e-03, 7.29e-03]    [2.06e-04, 3.75e-04, 1.58e-04, 1.58e-04, 1.28e-04, 8.95e-05, 7.63e-04, 2.50e-03, 7.29e-03]    []  
340000    [5.17e-04, 2.90e-04, 3.09e-04, 3.02e-04, 8.10e-05, 8.74e-05, 7.47e-04, 2.54e-03, 7.29e-03]    [5.17e-04, 2.90e-04, 3.09e-04, 3.02e-04, 8.10e-05, 8.74e-05, 7.47e-04, 2.54e-03, 7.29e-03]    []  
350000    [3.77e-04, 2.67e-04, 2.85e-04, 3.09e-04, 1.19e-04, 7.88e-05, 7.47e-04, 2.58e-03, 7.43e-03]    [3.77e-04, 2.67e-04, 2.85e-04, 3.09e-04, 1.19e-04, 7.88e-05, 7.47e-04, 2.58e-03, 7.43e-03]    []  
360000    [1.96e-04, 2.32e-04, 1.65e-04, 1.74e-04, 1.36e-04, 6.59e-05, 7.52e-04, 2.42e-03, 7.28e-03]    [1.96e-04, 2.32e-04, 1.65e-04, 1.74e-04, 1.36e-04, 6.59e-05, 7.52e-04, 2.42e-03, 7.28e-03]    []  
370000    [1.57e-04, 2.01e-04, 8.02e-05, 1.73e-04, 7.10e-05, 1.12e-04, 7.53e-04, 2.40e-03, 7.26e-03]    [1.57e-04, 2.01e-04, 8.02e-05, 1.73e-04, 7.10e-05, 1.12e-04, 7.53e-04, 2.40e-03, 7.26e-03]    []  
380000    [1.66e-04, 1.99e-04, 1.09e-04, 9.67e-05, 1.84e-04, 1.43e-04, 7.59e-04, 2.39e-03, 7.27e-03]    [1.66e-04, 1.99e-04, 1.09e-04, 9.67e-05, 1.84e-04, 1.43e-04, 7.59e-04, 2.39e-03, 7.27e-03]    []  
390000    [1.87e-04, 2.56e-04, 1.06e-04, 9.32e-05, 1.18e-04, 6.30e-05, 7.43e-04, 2.36e-03, 7.23e-03]    [1.87e-04, 2.56e-04, 1.06e-04, 9.32e-05, 1.18e-04, 6.30e-05, 7.43e-04, 2.36e-03, 7.23e-03]    []  
400000    [1.78e-04, 2.00e-04, 8.96e-05, 1.83e-04, 7.00e-05, 6.47e-05, 7.47e-04, 2.44e-03, 7.24e-03]    [1.78e-04, 2.00e-04, 8.96e-05, 1.83e-04, 7.00e-05, 6.47e-05, 7.47e-04, 2.44e-03, 7.24e-03]    []  

Best model at step 390000:
  train loss: 1.12e-02
  test loss: 1.12e-02
  test metric: []

'train' took 76369.651379 s

